#
# There is insufficient memory for the Java Runtime Environment to continue.
# Native memory allocation (mmap) failed to map 132120576 bytes for G1 virtual space
# Possible reasons:
#   The system is out of physical RAM or swap space
#   The process is running with CompressedOops enabled, and the Java Heap may be blocking the growth of the native heap
# Possible solutions:
#   Reduce memory load on the system
#   Increase physical memory or swap space
#   Check if swap backing store is full
#   Decrease Java heap size (-Xmx/-Xms)
#   Decrease number of Java threads
#   Decrease Java thread stack sizes (-Xss)
#   Set larger code cache with -XX:ReservedCodeCacheSize=
#   JVM is running with Unscaled Compressed Oops mode in which the Java heap is
#     placed in the first 4GB address space. The Java Heap base address is the
#     maximum limit for the native heap growth. Please use -XX:HeapBaseMinAddress
#     to set the Java Heap base and to place the Java Heap above 4GB virtual address.
# This output file may be truncated or incomplete.
#
#  Out of Memory Error (os_windows.cpp:3550), pid=23592, tid=12672
#
# JRE version:  (17.0.8+9) (build )
# Java VM: Java HotSpot(TM) 64-Bit Server VM (17.0.8+9-LTS-211, mixed mode, sharing, tiered, compressed oops, compressed class ptrs, g1 gc, windows-amd64)
# No core dump will be written. Minidumps are not enabled by default on client versions of Windows
#

---------------  S U M M A R Y ------------

Command Line: -Dfile.encoding=UTF-8 -XX:+ShowCodeDetailsInExceptionMessages com.Kabum.Kabum.KabumApplication

Host: Intel(R) Core(TM) i5-10300H CPU @ 2.50GHz, 8 cores, 7G,  Windows 11 , 64 bit Build 22621 (10.0.22621.3430)
Time: Wed May  1 19:27:29 2024 Hora oficial do Brasil elapsed time: 0.015166 seconds (0d 0h 0m 0s)

---------------  T H R E A D  ---------------

Current thread (0x000002bc47de2e60):  JavaThread "Unknown thread" [_thread_in_vm, id=12672, stack(0x000000faf6400000,0x000000faf6500000)]

Stack: [0x000000faf6400000,0x000000faf6500000]
Native frames: (J=compiled Java code, j=interpreted, Vv=VM code, C=native code)
V  [jvm.dll+0x677d0a]
V  [jvm.dll+0x7d8c54]
V  [jvm.dll+0x7da3fe]
V  [jvm.dll+0x7daa63]
V  [jvm.dll+0x245c5f]
V  [jvm.dll+0x674bb9]
V  [jvm.dll+0x6694f2]
V  [jvm.dll+0x3031d6]
V  [jvm.dll+0x30a756]
V  [jvm.dll+0x359f9e]
V  [jvm.dll+0x35a1cf]
V  [jvm.dll+0x2da3e8]
V  [jvm.dll+0x2db354]
V  [jvm.dll+0x7aa711]
V  [jvm.dll+0x367b51]
V  [jvm.dll+0x789979]
V  [jvm.dll+0x3eb05f]
V  [jvm.dll+0x3ecae1]
C  [jli.dll+0x5297]
C  [ucrtbase.dll+0x29333]
C  [KERNEL32.DLL+0x1257d]
C  [ntdll.dll+0x5aa48]


---------------  P R O C E S S  ---------------

Threads class SMR info:
_java_thread_list=0x00007fff770059d8, length=0, elements={
}

Java Threads: ( => current thread )

Other Threads:
  0x000002bc47e3b2f0 GCTaskThread "GC Thread#0" [stack: 0x000000faf6500000,0x000000faf6600000] [id=12468]
  0x000002bc47e4c5e0 ConcurrentGCThread "G1 Main Marker" [stack: 0x000000faf6600000,0x000000faf6700000] [id=25112]
  0x000002bc47e4e400 ConcurrentGCThread "G1 Conc#0" [stack: 0x000000faf6700000,0x000000faf6800000] [id=22388]

[error occurred during error reporting (printing all threads), id 0xc0000005, EXCEPTION_ACCESS_VIOLATION (0xc0000005) at pc=0x00007fff7683b047]

VM state: not at safepoint (not fully initialized)

VM Mutex/Monitor currently owned by a thread:  ([mutex/lock_event])
[0x000002bc47ddce30] Heap_lock - owner thread: 0x000002bc47de2e60

Heap address: 0x0000000082000000, size: 2016 MB, Compressed Oops mode: 32-bit

CDS archive(s) mapped at: [0x0000000000000000-0x0000000000000000-0x0000000000000000), size 0, SharedBaseAddress: 0x0000000800000000, ArchiveRelocationMode: 1.
Narrow klass base: 0x0000000000000000, Narrow klass shift: 0, Narrow klass range: 0x0

GC Precious Log:
<Empty>

Heap:
 garbage-first heap   total 0K, used 0K [0x0000000082000000, 0x0000000100000000)
  region size 1024K, 0 young (0K), 0 survivors (0K)

[error occurred during error reporting (printing heap information), id 0xc0000005, EXCEPTION_ACCESS_VIOLATION (0xc0000005) at pc=0x00007fff76c21499]

GC Heap History (0 events):
No events

Deoptimization events (0 events):
No events

Classes unloaded (0 events):
No events

Classes redefined (0 events):
No events

Internal exceptions (0 events):
No events

VM Operations (0 events):
No events

Events (1 events):
Event: 0.010 Loaded shared library C:\Program Files\Java\jdk-17\bin\java.dll


Dynamic libraries:
0x00007ff77a7c0000 - 0x00007ff77a7d0000 	C:\Program Files\Java\jdk-17\bin\javaw.exe
0x00007ff81d8b0000 - 0x00007ff81dac7000 	C:\WINDOWS\SYSTEM32\ntdll.dll
0x00007ff81d250000 - 0x00007ff81d314000 	C:\WINDOWS\System32\KERNEL32.DLL
0x00007ff81ac00000 - 0x00007ff81afad000 	C:\WINDOWS\System32\KERNELBASE.dll
0x00007ff81b260000 - 0x00007ff81b371000 	C:\WINDOWS\System32\ucrtbase.dll
0x00007ff808400000 - 0x00007ff808419000 	C:\Program Files\Java\jdk-17\bin\jli.dll
0x00007ff8083e0000 - 0x00007ff8083fb000 	C:\Program Files\Java\jdk-17\bin\VCRUNTIME140.dll
0x00007ff81b800000 - 0x00007ff81b8b2000 	C:\WINDOWS\System32\ADVAPI32.dll
0x00007ff81c240000 - 0x00007ff81c2e7000 	C:\WINDOWS\System32\msvcrt.dll
0x00007ff81d400000 - 0x00007ff81d4a8000 	C:\WINDOWS\System32\sechost.dll
0x00007ff81abd0000 - 0x00007ff81abf8000 	C:\WINDOWS\System32\bcrypt.dll
0x00007ff81c760000 - 0x00007ff81c875000 	C:\WINDOWS\System32\RPCRT4.dll
0x00007ff81c2f0000 - 0x00007ff81c49e000 	C:\WINDOWS\System32\USER32.dll
0x00007ff81b380000 - 0x00007ff81b3a6000 	C:\WINDOWS\System32\win32u.dll
0x00007ff81b5e0000 - 0x00007ff81b609000 	C:\WINDOWS\System32\GDI32.dll
0x00007ff81b420000 - 0x00007ff81b539000 	C:\WINDOWS\System32\gdi32full.dll
0x00007ff804900000 - 0x00007ff804b93000 	C:\WINDOWS\WinSxS\amd64_microsoft.windows.common-controls_6595b64144ccf1df_6.0.22621.3566_none_27125e8b73837631\COMCTL32.dll
0x00007ff81b540000 - 0x00007ff81b5da000 	C:\WINDOWS\System32\msvcp_win.dll
0x00007ff813610000 - 0x00007ff81361a000 	C:\WINDOWS\SYSTEM32\VERSION.dll
0x00007ff81b610000 - 0x00007ff81b641000 	C:\WINDOWS\System32\IMM32.DLL
0x00007ffffa6a0000 - 0x00007ffffa6ac000 	C:\Program Files\Java\jdk-17\bin\vcruntime140_1.dll
0x00007fffa5420000 - 0x00007fffa54ae000 	C:\Program Files\Java\jdk-17\bin\msvcp140.dll
0x00007fff76550000 - 0x00007fff7712e000 	C:\Program Files\Java\jdk-17\bin\server\jvm.dll
0x00007ff81b910000 - 0x00007ff81b918000 	C:\WINDOWS\System32\PSAPI.DLL
0x00007ff8119e0000 - 0x00007ff811a14000 	C:\WINDOWS\SYSTEM32\WINMM.dll
0x00007ffff7d30000 - 0x00007ffff7d39000 	C:\WINDOWS\SYSTEM32\WSOCK32.dll
0x00007ff81c880000 - 0x00007ff81c8f1000 	C:\WINDOWS\System32\WS2_32.dll
0x00007ff819ce0000 - 0x00007ff819cf8000 	C:\WINDOWS\SYSTEM32\kernel.appcore.dll
0x00007ff811f30000 - 0x00007ff811f3a000 	C:\Program Files\Java\jdk-17\bin\jimage.dll
0x00007ff818010000 - 0x00007ff818243000 	C:\WINDOWS\SYSTEM32\DBGHELP.DLL
0x00007ff81be50000 - 0x00007ff81c1d8000 	C:\WINDOWS\System32\combase.dll
0x00007ff81c900000 - 0x00007ff81c9d7000 	C:\WINDOWS\System32\OLEAUT32.dll
0x00007fffeff80000 - 0x00007fffeffb2000 	C:\WINDOWS\SYSTEM32\dbgcore.DLL
0x00007ff81b120000 - 0x00007ff81b199000 	C:\WINDOWS\System32\bcryptPrimitives.dll
0x00007ff80b5e0000 - 0x00007ff80b605000 	C:\Program Files\Java\jdk-17\bin\java.dll

dbghelp: loaded successfully - version: 4.0.5 - missing functions: none
symbol engine: initialized successfully - sym options: 0x614 - pdb path: .;C:\Program Files\Java\jdk-17\bin;C:\WINDOWS\SYSTEM32;C:\WINDOWS\WinSxS\amd64_microsoft.windows.common-controls_6595b64144ccf1df_6.0.22621.3566_none_27125e8b73837631;C:\Program Files\Java\jdk-17\bin\server

VM Arguments:
jvm_args: -Dfile.encoding=UTF-8 -XX:+ShowCodeDetailsInExceptionMessages 
java_command: com.Kabum.Kabum.KabumApplication
java_class_path (initial): D:\Download\Kabum\bin\main;C:\Users\Deyvid\.gradle\caches\modules-2\files-2.1\org.projectlombok\lombok\1.18.32\17d46b3e205515e1e8efd3ee4d57ce8018914163\lombok-1.18.32.jar;C:\Users\Deyvid\.gradle\caches\modules-2\files-2.1\org.springframework.boot\spring-boot-starter-data-jpa\3.2.5\99c1272c135f1c44b0c94ed0b65dca9b201323b7\spring-boot-starter-data-jpa-3.2.5.jar;C:\Users\Deyvid\.gradle\caches\modules-2\files-2.1\org.springframework.boot\spring-boot-starter-web\3.2.5\664d75553c6af42122d4db645f4924a95084e382\spring-boot-starter-web-3.2.5.jar;C:\Users\Deyvid\.gradle\caches\modules-2\files-2.1\org.springframework.boot\spring-boot-starter-aop\3.2.5\1c6c5d81e6c7f8b3e255c9e384153e9f52a93d1b\spring-boot-starter-aop-3.2.5.jar;C:\Users\Deyvid\.gradle\caches\modules-2\files-2.1\org.springframework.boot\spring-boot-starter-jdbc\3.2.5\2fc156645b02bef43dcd4e697ae6f4ba9388a978\spring-boot-starter-jdbc-3.2.5.jar;C:\Users\Deyvid\.gradle\caches\modules-2\files-2.1\org.hibernate.orm\hibernate-core\6.4.4.Final\5c9decb3c5a70bf7801d41fc32633416c26be069\hibernate-core-6.4.4.Final.jar;C:\Users\Deyvid\.gradle\caches\modules-2\files-2.1\org.springframework.data\spring-data-jpa\3.2.5\f5c674caedc0132c7865b9a2edaa04b8f5351262\spring-data-jpa-3.2.5.jar;C:\Users\Deyvid\.gradle\caches\modules-2\files-2.1\org.springframework\spring-aspects\6.1.6\409aba797564c23c08e2307f2df728aed117e914\spring-aspects-6.1.6.jar;C:\Users\Deyvid\.gradle\caches\modules-2\files-2.1\org.springframework.boot\spring-boot-starter-json\3.2.5\6df311af4c242eb95c3526f48ab4f31c384a247e\spring-boot-starter-json-3.2.5.jar;C:\Users\Deyvid\.gradle\caches\modules-2\files-2.1\org.springframework.boot\spring-boot-starter\3.2.5\a9837a876129cc6fe5f3abf1de5ec0a16faaf003\spring-boot-starter-3.2.5.jar;C:\Users\Deyvid\.gradle\caches\modules-2\files-2.1\org.springframework.boot\spring-boot-starter-tomcat\3.2.5\a40ebfa6becb35b419b37e49e33b2822e22cf42a\spring-boot-starter-tomcat-3.2.5.jar;C:\Users\Deyvid\.gradle\caches
Launcher Type: SUN_STANDARD

[Global flags]
     intx CICompilerCount                          = 4                                         {product} {ergonomic}
     uint ConcGCThreads                            = 2                                         {product} {ergonomic}
     uint G1ConcRefinementThreads                  = 8                                         {product} {ergonomic}
   size_t G1HeapRegionSize                         = 1048576                                   {product} {ergonomic}
    uintx GCDrainStackTargetSize                   = 64                                        {product} {ergonomic}
   size_t InitialHeapSize                          = 132120576                                 {product} {ergonomic}
   size_t MarkStackSize                            = 4194304                                   {product} {ergonomic}
   size_t MaxHeapSize                              = 2113929216                                {product} {ergonomic}
   size_t MinHeapDeltaBytes                        = 1048576                                   {product} {ergonomic}
   size_t MinHeapSize                              = 8388608                                   {product} {ergonomic}
    uintx NonNMethodCodeHeapSize                   = 5839372                                {pd product} {ergonomic}
    uintx NonProfiledCodeHeapSize                  = 122909434                              {pd product} {ergonomic}
    uintx ProfiledCodeHeapSize                     = 122909434                              {pd product} {ergonomic}
    uintx ReservedCodeCacheSize                    = 251658240                              {pd product} {ergonomic}
     bool SegmentedCodeCache                       = true                                      {product} {ergonomic}
     bool ShowCodeDetailsInExceptionMessages       = true                                   {manageable} {command line}
   size_t SoftMaxHeapSize                          = 2113929216                             {manageable} {ergonomic}
     bool UseCompressedClassPointers               = true                           {product lp64_product} {ergonomic}
     bool UseCompressedOops                        = true                           {product lp64_product} {ergonomic}
     bool UseG1GC                                  = true                                      {product} {ergonomic}
     bool UseLargePagesIndividualAllocation        = false                                  {pd product} {ergonomic}

Logging:
Log output configuration:
 #0: stdout all=warning uptime,level,tags
 #1: stderr all=off uptime,level,tags

Environment Variables:
JAVA_HOME=C:\Program Files\Microsoft\jdk-17.0.10.7-hotspot\
PATH=C:/Program Files/Java/jdk-17/bin/server;C:/Program Files/Java/jdk-17/bin;C:\Python312\Scripts\;C:\Python312\;C:\Program Files\Microsoft\jdk-17.0.10.7-hotspot\bin;C:\Program Files\Common Files\Oracle\Java\javapath;C:\Program Files (x86)\Common Files\Oracle\Java\javapath;C:\Program Files\Microsoft\jdk-11.0.18.10-hotspot\bin;C:\Windows\system32;C:\Windows;C:\Windows\System32\Wbem;C:\Windows\System32\WindowsPowerShell\v1.0\;C:\Windows\System32\OpenSSH\;C:\Program Files (x86)\NVIDIA Corporation\PhysX\Common;C:\Program Files\NVIDIA Corporation\NVIDIA NvDLISR;C:\WINDOWS\system32;C:\WINDOWS;C:\WINDOWS\System32\Wbem;C:\WINDOWS\System32\WindowsPowerShell\v1.0\;C:\WINDOWS\System32\OpenSSH\;C:\ProgramData\chocolatey\bin;C:\Program Files\nodejs;C:\Users\Deyvid\AppData\Local\Android\Sdk\platform-tools;C:\Program Files\PostgreSQL\15\bin;C:\Program Files\Git\cmd;C:\Users\Deyvid\AppData\Local\Android\Sdk\emulator;C:\Program Files\nodejs;C:\Program Files\nodejs\;C:\Users\Deyvid\AppData\Local\Microsoft\WindowsApps;C:\Users\Deyvid\AppData\Local\Programs\Microsoft VS Code\bin;C:\Users\Deyvid\AppData\Local\Android\Sdk\platform-tools;C:\Users\Deyvid\AppData\Roaming\npm;C:\WINDOWS\system32;
USERNAME=Deyvid
OS=Windows_NT
PROCESSOR_IDENTIFIER=Intel64 Family 6 Model 165 Stepping 2, GenuineIntel



---------------  S Y S T E M  ---------------

OS:
 Windows 11 , 64 bit Build 22621 (10.0.22621.3430)
OS uptime: 0 days 4:51 hours

CPU: total 8 (initial active 8) (4 cores per cpu, 2 threads per core) family 6 model 165 stepping 2 microcode 0xec, cx8, cmov, fxsr, ht, mmx, 3dnowpref, sse, sse2, sse3, ssse3, sse4.1, sse4.2, popcnt, lzcnt, tsc, tscinvbit, avx, avx2, aes, erms, clmul, bmi1, bmi2, adx, fma, vzeroupper, clflush, clflushopt

Memory: 4k page, system-wide physical 8059M (429M free)
TotalPageFile size 32635M (AvailPageFile size 130M)
current process WorkingSet (physical memory assigned to process): 11M, peak: 11M
current process commit charge ("private bytes"): 60M, peak: 186M

vm_info: Java HotSpot(TM) 64-Bit Server VM (17.0.8+9-LTS-211) for windows-amd64 JRE (17.0.8+9-LTS-211), built on Jun 14 2023 10:34:31 by "mach5one" with MS VC++ 17.1 (VS2022)

END.
